0 info it worked if it ends with ok
1 verbose cli [ '/Users/tabishkhan/.nvm/versions/node/v6.11.0/bin/node',
1 verbose cli   '/Users/tabishkhan/.nvm/versions/node/v6.11.0/bin/npm',
1 verbose cli   'start' ]
2 info using npm@3.10.10
3 info using node@v6.11.0
4 verbose run-script [ 'prestart', 'start', 'poststart' ]
5 info lifecycle express-playground@0.0.0~prestart: express-playground@0.0.0
6 silly lifecycle express-playground@0.0.0~prestart: no script for prestart, continuing
7 info lifecycle express-playground@0.0.0~start: express-playground@0.0.0
8 verbose lifecycle express-playground@0.0.0~start: unsafe-perm in lifecycle true
9 verbose lifecycle express-playground@0.0.0~start: PATH: /Users/tabishkhan/.nvm/versions/node/v6.11.0/lib/node_modules/npm/bin/node-gyp-bin:/Users/tabishkhan/Desktop/Express-PlayGround/express-playground/node_modules/.bin:/Users/tabishkhan/.rvm/gems/ruby-2.3.7/bin:/Users/tabishkhan/.rvm/gems/ruby-2.3.7@global/bin:/Users/tabishkhan/.rvm/rubies/ruby-2.3.7/bin:/Users/tabishkhan/.nvm/versions/node/v6.11.0/bin:~/.composer/vendor/bin:/usr/local/opt/php@7.1/bin:/usr/local/sbin:/usr/local/bin:/usr/bin:/bin:/usr/sbin:/sbin:/Users/tabishkhan/.bin:/Users/tabishkhan/.composer/vendor/bin:/Users/tabishkhan/.rvm/bin
10 verbose lifecycle express-playground@0.0.0~start: CWD: /Users/tabishkhan/Desktop/Express-PlayGround/express-playground
11 silly lifecycle express-playground@0.0.0~start: Args: [ '-c', 'node ./bin/www' ]
12 silly lifecycle express-playground@0.0.0~start: Returned: code: 1  signal: null
13 info lifecycle express-playground@0.0.0~start: Failed to exec start script
14 verbose stack Error: express-playground@0.0.0 start: `node ./bin/www`
14 verbose stack Exit status 1
14 verbose stack     at EventEmitter.<anonymous> (/Users/tabishkhan/.nvm/versions/node/v6.11.0/lib/node_modules/npm/lib/utils/lifecycle.js:255:16)
14 verbose stack     at emitTwo (events.js:106:13)
14 verbose stack     at EventEmitter.emit (events.js:191:7)
14 verbose stack     at ChildProcess.<anonymous> (/Users/tabishkhan/.nvm/versions/node/v6.11.0/lib/node_modules/npm/lib/utils/spawn.js:40:14)
14 verbose stack     at emitTwo (events.js:106:13)
14 verbose stack     at ChildProcess.emit (events.js:191:7)
14 verbose stack     at maybeClose (internal/child_process.js:891:16)
14 verbose stack     at Process.ChildProcess._handle.onexit (internal/child_process.js:226:5)
15 verbose pkgid express-playground@0.0.0
16 verbose cwd /Users/tabishkhan/Desktop/Express-PlayGround/express-playground
17 error Darwin 17.0.0
18 error argv "/Users/tabishkhan/.nvm/versions/node/v6.11.0/bin/node" "/Users/tabishkhan/.nvm/versions/node/v6.11.0/bin/npm" "start"
19 error node v6.11.0
20 error npm  v3.10.10
21 error code ELIFECYCLE
22 error express-playground@0.0.0 start: `node ./bin/www`
22 error Exit status 1
23 error Failed at the express-playground@0.0.0 start script 'node ./bin/www'.
23 error Make sure you have the latest version of node.js and npm installed.
23 error If you do, this is most likely a problem with the express-playground package,
23 error not with npm itself.
23 error Tell the author that this fails on your system:
23 error     node ./bin/www
23 error You can get information on how to open an issue for this project with:
23 error     npm bugs express-playground
23 error Or if that isn't available, you can get their info via:
23 error     npm owner ls express-playground
23 error There is likely additional logging output above.
24 verbose exit [ 1, true ]
